# JRE version: Java(TM) SE Runtime Environment (8.0_181-b13) (build 1.8.0_181-b13)
# Java VM: Java HotSpot(TM) 64-Bit Server VM (25.181-b13 mixed mode windows-amd64 compressed oops)
Heap:
 PSYoungGen      total 274944K, used 44352K [0x00000000d5d80000, 0x00000000ecc80000, 0x0000000100000000)
  eden space 244736K, 7% used [0x00000000d5d80000,0x00000000d7077b90,0x00000000e4c80000)
  from space 30208K, 82% used [0x00000000e4c80000,0x00000000e64d8660,0x00000000e6a00000)
  to   space 32768K, 0% used [0x00000000eac80000,0x00000000eac80000,0x00000000ecc80000)
 ParOldGen       total 84480K, used 65681K [0x0000000081800000, 0x0000000086a80000, 0x00000000d5d80000)
  object space 84480K, 77% used [0x0000000081800000,0x00000000858244f0,0x0000000086a80000)
 Metaspace       used 30566K, capacity 31362K, committed 31488K, reserved 1077248K
  class space    used 3517K, capacity 3739K, committed 3840K, reserved 1048576K
GC Heap History (10 events):
Event: 5.917 GC heap before
{Heap before GC invocations=8 (full 1):
 PSYoungGen      total 145920K, used 13795K [0x00000000d5d80000, 0x00000000e7f80000, 0x0000000100000000)
  eden space 132096K, 0% used [0x00000000d5d80000,0x00000000d5d80000,0x00000000dde80000)
  from space 13824K, 99% used [0x00000000dde80000,0x00000000debf8fd0,0x00000000dec00000)
  to   space 16384K, 0% used [0x00000000e6f80000,0x00000000e6f80000,0x00000000e7f80000)
 ParOldGen       total 87552K, used 18432K [0x0000000081800000, 0x0000000086d80000, 0x00000000d5d80000)
  object space 87552K, 21% used [0x0000000081800000,0x0000000082a00190,0x0000000086d80000)
 Metaspace       used 20691K, capacity 21046K, committed 21296K, reserved 1069056K
  class space    used 2460K, capacity 2613K, committed 2688K, reserved 1048576K
Event: 6.019 GC heap after
Heap after GC invocations=8 (full 1):
 PSYoungGen      total 145920K, used 0K [0x00000000d5d80000, 0x00000000e7f80000, 0x0000000100000000)
  eden space 132096K, 0% used [0x00000000d5d80000,0x00000000d5d80000,0x00000000dde80000)
  from space 13824K, 0% used [0x00000000dde80000,0x00000000dde80000,0x00000000dec00000)
  to   space 16384K, 0% used [0x00000000e6f80000,0x00000000e6f80000,0x00000000e7f80000)
 ParOldGen       total 84480K, used 25723K [0x0000000081800000, 0x0000000086a80000, 0x00000000d5d80000)
  object space 84480K, 30% used [0x0000000081800000,0x000000008311ee58,0x0000000086a80000)
 Metaspace       used 20691K, capacity 21046K, committed 21296K, reserved 1069056K
  class space    used 2460K, capacity 2613K, committed 2688K, reserved 1048576K
}
Event: 10.242 GC heap before
{Heap before GC invocations=9 (full 1):
 PSYoungGen      total 145920K, used 132096K [0x00000000d5d80000, 0x00000000e7f80000, 0x0000000100000000)
  eden space 132096K, 100% used [0x00000000d5d80000,0x00000000dde80000,0x00000000dde80000)
  from space 13824K, 0% used [0x00000000dde80000,0x00000000dde80000,0x00000000dec00000)
  to   space 16384K, 0% used [0x00000000e6f80000,0x00000000e6f80000,0x00000000e7f80000)
 ParOldGen       total 84480K, used 25723K [0x0000000081800000, 0x0000000086a80000, 0x00000000d5d80000)
  object space 84480K, 30% used [0x0000000081800000,0x000000008311ee58,0x0000000086a80000)
 Metaspace       used 27078K, capacity 27652K, committed 27776K, reserved 1073152K
  class space    used 3231K, capacity 3408K, committed 3456K, reserved 1048576K
Event: 10.253 GC heap after
Heap after GC invocations=9 (full 1):
 PSYoungGen      total 196608K, used 9694K [0x00000000d5d80000, 0x00000000e7900000, 0x0000000100000000)
  eden space 186880K, 0% used [0x00000000d5d80000,0x00000000d5d80000,0x00000000e1400000)
  from space 9728K, 99% used [0x00000000e6f80000,0x00000000e78f7a28,0x00000000e7900000)
  to   space 15360K, 0% used [0x00000000e5b00000,0x00000000e5b00000,0x00000000e6a00000)
 ParOldGen       total 84480K, used 25731K [0x0000000081800000, 0x0000000086a80000, 0x00000000d5d80000)
  object space 84480K, 30% used [0x0000000081800000,0x0000000083120e58,0x0000000086a80000)
 Metaspace       used 27078K, capacity 27652K, committed 27776K, reserved 1073152K
  class space    used 3231K, capacity 3408K, committed 3456K, reserved 1048576K
}
Event: 12.491 GC heap before
{Heap before GC invocations=10 (full 1):
 PSYoungGen      total 196608K, used 196574K [0x00000000d5d80000, 0x00000000e7900000, 0x0000000100000000)
  eden space 186880K, 100% used [0x00000000d5d80000,0x00000000e1400000,0x00000000e1400000)
  from space 9728K, 99% used [0x00000000e6f80000,0x00000000e78f7a28,0x00000000e7900000)
  to   space 15360K, 0% used [0x00000000e5b00000,0x00000000e5b00000,0x00000000e6a00000)
 ParOldGen       total 84480K, used 25731K [0x0000000081800000, 0x0000000086a80000, 0x00000000d5d80000)
  object space 84480K, 30% used [0x0000000081800000,0x0000000083120e58,0x0000000086a80000)
 Metaspace       used 29361K, capacity 30088K, committed 30336K, reserved 1075200K
  class space    used 3410K, capacity 3644K, committed 3712K, reserved 1048576K
Event: 12.523 GC heap after
Heap after GC invocations=10 (full 1):
 PSYoungGen      total 249344K, used 15351K [0x00000000d5d80000, 0x00000000e7800000, 0x0000000100000000)
  eden space 233984K, 0% used [0x00000000d5d80000,0x00000000d5d80000,0x00000000e4200000)
  from space 15360K, 99% used [0x00000000e5b00000,0x00000000e69fdef8,0x00000000e6a00000)
  to   space 14336K, 0% used [0x00000000e6a00000,0x00000000e6a00000,0x00000000e7800000)
 ParOldGen       total 84480K, used 51129K [0x0000000081800000, 0x0000000086a80000, 0x00000000d5d80000)
  object space 84480K, 60% used [0x0000000081800000,0x00000000849ee570,0x0000000086a80000)
 Metaspace       used 29361K, capacity 30088K, committed 30336K, reserved 1075200K
  class space    used 3410K, capacity 3644K, committed 3712K, reserved 1048576K
}
Event: 14.621 GC heap before
{Heap before GC invocations=11 (full 1):
 PSYoungGen      total 249344K, used 249335K [0x00000000d5d80000, 0x00000000e7800000, 0x0000000100000000)
  eden space 233984K, 100% used [0x00000000d5d80000,0x00000000e4200000,0x00000000e4200000)
  from space 15360K, 99% used [0x00000000e5b00000,0x00000000e69fdef8,0x00000000e6a00000)
  to   space 14336K, 0% used [0x00000000e6a00000,0x00000000e6a00000,0x00000000e7800000)
 ParOldGen       total 84480K, used 51129K [0x0000000081800000, 0x0000000086a80000, 0x00000000d5d80000)
  object space 84480K, 60% used [0x0000000081800000,0x00000000849ee570,0x0000000086a80000)
 Metaspace       used 30364K, capacity 31164K, committed 31488K, reserved 1077248K
  class space    used 3507K, capacity 3738K, committed 3840K, reserved 1048576K
Event: 14.655 GC heap after
Heap after GC invocations=11 (full 1):
 PSYoungGen      total 259072K, used 14323K [0x00000000d5d80000, 0x00000000eb900000, 0x0000000100000000)
  eden space 244736K, 0% used [0x00000000d5d80000,0x00000000d5d80000,0x00000000e4c80000)
  from space 14336K, 99% used [0x00000000e6a00000,0x00000000e77fceb0,0x00000000e7800000)
  to   space 30208K, 0% used [0x00000000e4c80000,0x00000000e4c80000,0x00000000e6a00000)
 ParOldGen       total 84480K, used 61692K [0x0000000081800000, 0x0000000086a80000, 0x00000000d5d80000)
  object space 84480K, 73% used [0x0000000081800000,0x000000008543f240,0x0000000086a80000)
 Metaspace       used 30364K, capacity 31164K, committed 31488K, reserved 1077248K
  class space    used 3507K, capacity 3738K, committed 3840K, reserved 1048576K
}
Event: 16.379 GC heap before
{Heap before GC invocations=12 (full 1):
 PSYoungGen      total 259072K, used 259059K [0x00000000d5d80000, 0x00000000eb900000, 0x0000000100000000)
  eden space 244736K, 100% used [0x00000000d5d80000,0x00000000e4c80000,0x00000000e4c80000)
  from space 14336K, 99% used [0x00000000e6a00000,0x00000000e77fceb0,0x00000000e7800000)
  to   space 30208K, 0% used [0x00000000e4c80000,0x00000000e4c80000,0x00000000e6a00000)
 ParOldGen       total 84480K, used 61692K [0x0000000081800000, 0x0000000086a80000, 0x00000000d5d80000)
  object space 84480K, 73% used [0x0000000081800000,0x000000008543f240,0x0000000086a80000)
 Metaspace       used 30563K, capacity 31362K, committed 31488K, reserved 1077248K
  class space    used 3517K, capacity 3739K, committed 3840K, reserved 1048576K
Event: 16.408 GC heap after
Heap after GC invocations=12 (full 1):
 PSYoungGen      total 274944K, used 24929K [0x00000000d5d80000, 0x00000000ecc80000, 0x0000000100000000)
  eden space 244736K, 0% used [0x00000000d5d80000,0x00000000d5d80000,0x00000000e4c80000)
  from space 30208K, 82% used [0x00000000e4c80000,0x00000000e64d8660,0x00000000e6a00000)
  to   space 32768K, 0% used [0x00000000eac80000,0x00000000eac80000,0x00000000ecc80000)
 ParOldGen       total 84480K, used 65681K [0x0000000081800000, 0x0000000086a80000, 0x00000000d5d80000)
  object space 84480K, 77% used [0x0000000081800000,0x00000000858244f0,0x0000000086a80000)
 Metaspace       used 30563K, capacity 31362K, committed 31488K, reserved 1077248K
  class space    used 3517K, capacity 3739K, committed 3840K, reserved 1048576K
}

